I, [2015-10-31T14:42:40.319548 #6248]  INFO -- : Started GET "/" for 127.0.0.1 at 2015-10-31 14:42:40 +0600
I, [2015-10-31T14:42:40.321196 #6248]  INFO -- : Processing by WelcomeController#index as HTML
I, [2015-10-31T14:42:40.332406 #6248]  INFO -- :   Rendered welcome/index.html.slim within layouts/application (9.3ms)
I, [2015-10-31T14:42:40.338343 #6248]  INFO -- : Completed 200 OK in 17ms (Views: 16.9ms)
I, [2015-10-31T14:42:40.398647 #6248]  INFO -- : Started GET "/assets/application-e80e8f2318043e8af94dddc2adad5a4f09739a8ebb323b3ab31cd71d45fd9113.css" for 127.0.0.1 at 2015-10-31 14:42:40 +0600
F, [2015-10-31T14:42:40.399228 #6248] FATAL -- : 
ActionController::RoutingError (No route matches [GET] "/assets/application-e80e8f2318043e8af94dddc2adad5a4f09739a8ebb323b3ab31cd71d45fd9113.css"):
  actionpack (4.2.3) lib/action_dispatch/middleware/debug_exceptions.rb:21:in `call'
  actionpack (4.2.3) lib/action_dispatch/middleware/show_exceptions.rb:30:in `call'
  railties (4.2.3) lib/rails/rack/logger.rb:38:in `call_app'
  railties (4.2.3) lib/rails/rack/logger.rb:20:in `block in call'
  activesupport (4.2.3) lib/active_support/tagged_logging.rb:68:in `block in tagged'
  activesupport (4.2.3) lib/active_support/tagged_logging.rb:26:in `tagged'
  activesupport (4.2.3) lib/active_support/tagged_logging.rb:68:in `tagged'
  railties (4.2.3) lib/rails/rack/logger.rb:20:in `call'
  actionpack (4.2.3) lib/action_dispatch/middleware/request_id.rb:21:in `call'
  rack (1.6.4) lib/rack/methodoverride.rb:22:in `call'
  rack (1.6.4) lib/rack/runtime.rb:18:in `call'
  activesupport (4.2.3) lib/active_support/cache/strategy/local_cache_middleware.rb:28:in `call'
  rack (1.6.4) lib/rack/sendfile.rb:113:in `call'
  railties (4.2.3) lib/rails/engine.rb:518:in `call'
  railties (4.2.3) lib/rails/application.rb:165:in `call'
  rack (1.6.4) lib/rack/lock.rb:17:in `call'
  rack (1.6.4) lib/rack/content_length.rb:15:in `call'
  rack (1.6.4) lib/rack/handler/webrick.rb:88:in `service'
  /home/egor/.rvm/rubies/ruby-2.1.6/lib/ruby/2.1.0/webrick/httpserver.rb:138:in `service'
  /home/egor/.rvm/rubies/ruby-2.1.6/lib/ruby/2.1.0/webrick/httpserver.rb:94:in `run'
  /home/egor/.rvm/rubies/ruby-2.1.6/lib/ruby/2.1.0/webrick/server.rb:295:in `block in start_thread'


I, [2015-10-31T14:42:40.400636 #6248]  INFO -- : Started GET "/assets/application-e9ca000b5f338d2650c1f5878df70fb9028c51ed1a3ece8090d9dc944c3151d8.js" for 127.0.0.1 at 2015-10-31 14:42:40 +0600
F, [2015-10-31T14:42:40.401195 #6248] FATAL -- : 
ActionController::RoutingError (No route matches [GET] "/assets/application-e9ca000b5f338d2650c1f5878df70fb9028c51ed1a3ece8090d9dc944c3151d8.js"):
  actionpack (4.2.3) lib/action_dispatch/middleware/debug_exceptions.rb:21:in `call'
  actionpack (4.2.3) lib/action_dispatch/middleware/show_exceptions.rb:30:in `call'
  railties (4.2.3) lib/rails/rack/logger.rb:38:in `call_app'
  railties (4.2.3) lib/rails/rack/logger.rb:20:in `block in call'
  activesupport (4.2.3) lib/active_support/tagged_logging.rb:68:in `block in tagged'
  activesupport (4.2.3) lib/active_support/tagged_logging.rb:26:in `tagged'
  activesupport (4.2.3) lib/active_support/tagged_logging.rb:68:in `tagged'
  railties (4.2.3) lib/rails/rack/logger.rb:20:in `call'
  actionpack (4.2.3) lib/action_dispatch/middleware/request_id.rb:21:in `call'
  rack (1.6.4) lib/rack/methodoverride.rb:22:in `call'
  rack (1.6.4) lib/rack/runtime.rb:18:in `call'
  activesupport (4.2.3) lib/active_support/cache/strategy/local_cache_middleware.rb:28:in `call'
  rack (1.6.4) lib/rack/sendfile.rb:113:in `call'
  railties (4.2.3) lib/rails/engine.rb:518:in `call'
  railties (4.2.3) lib/rails/application.rb:165:in `call'
  rack (1.6.4) lib/rack/lock.rb:17:in `call'
  rack (1.6.4) lib/rack/content_length.rb:15:in `call'
  rack (1.6.4) lib/rack/handler/webrick.rb:88:in `service'
  /home/egor/.rvm/rubies/ruby-2.1.6/lib/ruby/2.1.0/webrick/httpserver.rb:138:in `service'
  /home/egor/.rvm/rubies/ruby-2.1.6/lib/ruby/2.1.0/webrick/httpserver.rb:94:in `run'
  /home/egor/.rvm/rubies/ruby-2.1.6/lib/ruby/2.1.0/webrick/server.rb:295:in `block in start_thread'


